<?xml version="1.0" encoding="UTF-8"?>
<testng-results ignored="0" total="1" passed="0" failed="1" skipped="0">
  <reporter-output>
  </reporter-output>
  <suite started-at="2022-11-29T22:58:06 IST" name="Default suite" finished-at="2022-11-29T23:00:02 IST" duration-ms="115463">
    <groups>
    </groups>
    <test started-at="2022-11-29T22:58:06 IST" name="Default test" finished-at="2022-11-29T23:00:02 IST" duration-ms="115463">
      <class name="com.testLayer.CreateAccountTest">
        <test-method is-config="true" signature="start()[pri:0, instance:com.testLayer.CreateAccountTest@4ec4f3a0]" started-at="2022-11-29T22:58:06 IST" name="start" finished-at="2022-11-29T22:58:07 IST" duration-ms="398" status="PASS">
          <reporter-output>
          </reporter-output>
        </test-method> <!-- start -->
        <test-method is-config="true" signature="browserSetup()[pri:0, instance:com.testLayer.CreateAccountTest@4ec4f3a0]" started-at="2022-11-29T22:58:07 IST" name="browserSetup" finished-at="2022-11-29T22:59:36 IST" duration-ms="89091" status="PASS">
          <reporter-output>
          </reporter-output>
        </test-method> <!-- browserSetup -->
        <test-method signature="verifyAccount()[pri:0, instance:com.testLayer.CreateAccountTest@4ec4f3a0]" started-at="2022-11-29T22:59:36 IST" name="verifyAccount" finished-at="2022-11-29T23:00:02 IST" duration-ms="25855" status="FAIL">
          <exception class="org.openqa.selenium.NoSuchElementException">
            <message>
              <![CDATA[no such element: Unable to locate element: {"method":"xpath","selector":"(//a[@class='top-nav-link nav-link-nongrouped dropdown-toggle ng-star-inserted'])[1]"}
  (Session info: chrome=107.0.5304.108)
For documentation on this error, please visit: https://selenium.dev/exceptions/#no_such_element
Build info: version: '4.5.0', revision: 'fe167b119a'
System info: os.name: 'Windows 10', os.arch: 'amd64', os.version: '10.0', java.version: '17.0.3.1'
Driver info: org.openqa.selenium.chrome.ChromeDriver
Command: [f0923b4f62e19d3ef5462a6d848ccf6a, findElement {using=xpath, value=(//a[@class='top-nav-link nav-link-nongrouped dropdown-toggle ng-star-inserted'])[1]}]
Capabilities {acceptInsecureCerts: false, browserName: chrome, browserVersion: 107.0.5304.108, chrome: {chromedriverVersion: 107.0.5304.62 (1eec40d3a576..., userDataDir: C:\Users\Atul\AppData\Local...}, goog:chromeOptions: {debuggerAddress: localhost:55111}, networkConnectionEnabled: false, pageLoadStrategy: normal, platformName: WINDOWS, proxy: Proxy(), se:cdp: ws://localhost:55111/devtoo..., se:cdpVersion: 107.0.5304.108, setWindowRect: true, strictFileInteractability: false, timeouts: {implicit: 0, pageLoad: 300000, script: 30000}, unhandledPromptBehavior: dismiss and notify, webauthn:extension:credBlob: true, webauthn:extension:largeBlob: true, webauthn:virtualAuthenticators: true}
Session ID: f0923b4f62e19d3ef5462a6d848ccf6a]]>
            </message>
            <full-stacktrace>
              <![CDATA[org.openqa.selenium.NoSuchElementException: no such element: Unable to locate element: {"method":"xpath","selector":"(//a[@class='top-nav-link nav-link-nongrouped dropdown-toggle ng-star-inserted'])[1]"}
  (Session info: chrome=107.0.5304.108)
For documentation on this error, please visit: https://selenium.dev/exceptions/#no_such_element
Build info: version: '4.5.0', revision: 'fe167b119a'
System info: os.name: 'Windows 10', os.arch: 'amd64', os.version: '10.0', java.version: '17.0.3.1'
Driver info: org.openqa.selenium.chrome.ChromeDriver
Command: [f0923b4f62e19d3ef5462a6d848ccf6a, findElement {using=xpath, value=(//a[@class='top-nav-link nav-link-nongrouped dropdown-toggle ng-star-inserted'])[1]}]
Capabilities {acceptInsecureCerts: false, browserName: chrome, browserVersion: 107.0.5304.108, chrome: {chromedriverVersion: 107.0.5304.62 (1eec40d3a576..., userDataDir: C:\Users\Atul\AppData\Local...}, goog:chromeOptions: {debuggerAddress: localhost:55111}, networkConnectionEnabled: false, pageLoadStrategy: normal, platformName: WINDOWS, proxy: Proxy(), se:cdp: ws://localhost:55111/devtoo..., se:cdpVersion: 107.0.5304.108, setWindowRect: true, strictFileInteractability: false, timeouts: {implicit: 0, pageLoad: 300000, script: 30000}, unhandledPromptBehavior: dismiss and notify, webauthn:extension:credBlob: true, webauthn:extension:largeBlob: true, webauthn:virtualAuthenticators: true}
Session ID: f0923b4f62e19d3ef5462a6d848ccf6a
at java.base/jdk.internal.reflect.NativeConstructorAccessorImpl.newInstance0(Native Method)
at java.base/jdk.internal.reflect.NativeConstructorAccessorImpl.newInstance(NativeConstructorAccessorImpl.java:77)
at java.base/jdk.internal.reflect.DelegatingConstructorAccessorImpl.newInstance(DelegatingConstructorAccessorImpl.java:45)
at java.base/java.lang.reflect.Constructor.newInstanceWithCaller(Constructor.java:499)
at java.base/java.lang.reflect.Constructor.newInstance(Constructor.java:480)
at org.openqa.selenium.remote.codec.w3c.W3CHttpResponseCodec.createException(W3CHttpResponseCodec.java:200)
at org.openqa.selenium.remote.codec.w3c.W3CHttpResponseCodec.decode(W3CHttpResponseCodec.java:133)
at org.openqa.selenium.remote.codec.w3c.W3CHttpResponseCodec.decode(W3CHttpResponseCodec.java:53)
at org.openqa.selenium.remote.HttpCommandExecutor.execute(HttpCommandExecutor.java:184)
at org.openqa.selenium.remote.service.DriverCommandExecutor.invokeExecute(DriverCommandExecutor.java:167)
at org.openqa.selenium.remote.service.DriverCommandExecutor.execute(DriverCommandExecutor.java:142)
at org.openqa.selenium.remote.RemoteWebDriver.execute(RemoteWebDriver.java:547)
at org.openqa.selenium.remote.ElementLocation$ElementFinder$2.findElement(ElementLocation.java:162)
at org.openqa.selenium.remote.ElementLocation.findElement(ElementLocation.java:60)
at org.openqa.selenium.remote.RemoteWebDriver.findElement(RemoteWebDriver.java:365)
at org.openqa.selenium.remote.RemoteWebDriver.findElement(RemoteWebDriver.java:357)
at org.openqa.selenium.support.pagefactory.DefaultElementLocator.findElement(DefaultElementLocator.java:70)
at org.openqa.selenium.support.pagefactory.internal.LocatingElementHandler.invoke(LocatingElementHandler.java:39)
at jdk.proxy2/jdk.proxy2.$Proxy19.click(Unknown Source)
at com.pageLayer.CreateAccount.clickOnAccounts(CreateAccount.java:53)
at com.testLayer.CreateAccountTest.verifyAccount(CreateAccountTest.java:25)
at java.base/jdk.internal.reflect.NativeMethodAccessorImpl.invoke0(Native Method)
at java.base/jdk.internal.reflect.NativeMethodAccessorImpl.invoke(NativeMethodAccessorImpl.java:77)
at java.base/jdk.internal.reflect.DelegatingMethodAccessorImpl.invoke(DelegatingMethodAccessorImpl.java:43)
at java.base/java.lang.reflect.Method.invoke(Method.java:568)
at org.testng.internal.MethodInvocationHelper.invokeMethod(MethodInvocationHelper.java:133)
at org.testng.internal.TestInvoker.invokeMethod(TestInvoker.java:598)
at org.testng.internal.TestInvoker.invokeTestMethod(TestInvoker.java:173)
at org.testng.internal.MethodRunner.runInSequence(MethodRunner.java:46)
at org.testng.internal.TestInvoker$MethodInvocationAgent.invoke(TestInvoker.java:824)
at org.testng.internal.TestInvoker.invokeTestMethods(TestInvoker.java:146)
at org.testng.internal.TestMethodWorker.invokeTestMethods(TestMethodWorker.java:146)
at org.testng.internal.TestMethodWorker.run(TestMethodWorker.java:128)
at java.base/java.util.ArrayList.forEach(ArrayList.java:1511)
at org.testng.TestRunner.privateRun(TestRunner.java:794)
at org.testng.TestRunner.run(TestRunner.java:596)
at org.testng.SuiteRunner.runTest(SuiteRunner.java:377)
at org.testng.SuiteRunner.runSequentially(SuiteRunner.java:371)
at org.testng.SuiteRunner.privateRun(SuiteRunner.java:332)
at org.testng.SuiteRunner.run(SuiteRunner.java:276)
at org.testng.SuiteRunnerWorker.runSuite(SuiteRunnerWorker.java:53)
at org.testng.SuiteRunnerWorker.run(SuiteRunnerWorker.java:96)
at org.testng.TestNG.runSuitesSequentially(TestNG.java:1212)
at org.testng.TestNG.runSuitesLocally(TestNG.java:1134)
at org.testng.TestNG.runSuites(TestNG.java:1063)
at org.testng.TestNG.run(TestNG.java:1031)
at org.testng.remote.AbstractRemoteTestNG.run(AbstractRemoteTestNG.java:115)
at org.testng.remote.RemoteTestNG.initAndRun(RemoteTestNG.java:251)
at org.testng.remote.RemoteTestNG.main(RemoteTestNG.java:77)
]]>
            </full-stacktrace>
          </exception> <!-- org.openqa.selenium.NoSuchElementException -->
          <reporter-output>
          </reporter-output>
        </test-method> <!-- verifyAccount -->
        <test-method is-config="true" signature="tearDown()[pri:0, instance:com.testLayer.CreateAccountTest@4ec4f3a0]" started-at="2022-11-29T23:00:02 IST" name="tearDown" finished-at="2022-11-29T23:00:02 IST" duration-ms="4" status="PASS">
          <reporter-output>
          </reporter-output>
        </test-method> <!-- tearDown -->
        <test-method is-config="true" signature="stop()[pri:0, instance:com.testLayer.CreateAccountTest@4ec4f3a0]" started-at="2022-11-29T23:00:02 IST" name="stop" finished-at="2022-11-29T23:00:02 IST" duration-ms="2" status="PASS">
          <reporter-output>
          </reporter-output>
        </test-method> <!-- stop -->
      </class> <!-- com.testLayer.CreateAccountTest -->
    </test> <!-- Default test -->
  </suite> <!-- Default suite -->
</testng-results>
