<?xml version="1.0" encoding="UTF-8"?>
<testng-results ignored="0" total="1" passed="1" failed="0" skipped="0">
  <reporter-output>
  </reporter-output>
  <suite started-at="2022-11-17T00:45:39 IST" name="Default suite" finished-at="2022-11-17T00:46:22 IST" duration-ms="42874">
    <groups>
    </groups>
    <test started-at="2022-11-17T00:45:39 IST" name="Default test" finished-at="2022-11-17T00:46:22 IST" duration-ms="42874">
      <class name="com.testLayer.TradeNowTest">
        <test-method is-config="true" signature="setUp()[pri:0, instance:com.testLayer.TradeNowTest@44ebcd03]" started-at="2022-11-17T00:45:39 IST" name="setUp" finished-at="2022-11-17T00:45:54 IST" duration-ms="15468" status="PASS">
          <reporter-output>
          </reporter-output>
        </test-method> <!-- setUp -->
        <test-method signature="VerifyTradeNow()[pri:0, instance:com.testLayer.TradeNowTest@44ebcd03]" started-at="2022-11-17T00:45:54 IST" name="VerifyTradeNow" finished-at="2022-11-17T00:46:22 IST" duration-ms="27325" status="PASS">
          <reporter-output>
          </reporter-output>
        </test-method> <!-- VerifyTradeNow -->
        <test-method is-config="true" signature="tearDown()[pri:0, instance:com.testLayer.TradeNowTest@44ebcd03]" started-at="2022-11-17T00:46:22 IST" name="tearDown" finished-at="2022-11-17T00:46:22 IST" duration-ms="1" status="PASS">
          <reporter-output>
          </reporter-output>
        </test-method> <!-- tearDown -->
      </class> <!-- com.testLayer.TradeNowTest -->
    </test> <!-- Default test -->
  </suite> <!-- Default suite -->
</testng-results>
