<?xml version="1.0" encoding="UTF-8"?>
<testsuite xmlns:xsi="http://www.w3.org/2001/XMLSchema-instance" xsi:noNamespaceSchemaLocation="https://maven.apache.org/surefire/maven-surefire-plugin/xsd/surefire-test-report.xsd" name="TestSuite" time="11.298" tests="2" errors="0" skipped="0" failures="0">
  <properties>
[...]
</properties>
  <testcase name="logoVerify" classname="actiTime.ActiTimeTest" time="1.792"/>
  <testcase name="shouldAnswerWithTrue on shouldAnswerWithTrue(MyMaven.PractiseMaven.AppTest)" classname="MyMaven.PractiseMaven.AppTest" time="0.001"/>
</testsuite>