<?xml version="1.0" encoding="UTF-8"?>
<!-- Generated by org.testng.reporters.JUnitXMLReporter -->
<testsuite ignored="1" hostname="Atul-PC" failures="0" tests="7" name="Default test" time="0.179" errors="0" timestamp="2022-10-10T12:12:55 IST">
  <testcase classname="sdet.Keywords" name="testOne" time="0.024"/>
  <testcase classname="sdet.Keywords" name="testTwo" time="0.003"/>
  <testcase classname="sdet.Keywords" name="testFour" time="0.004"/>
  <testcase classname="sdet.Keywords" name="testFive" time="0.002"/>
  <testcase classname="sdet.Keywords" name="testFive" time="0.006"/>
  <testcase classname="sdet.Keywords" name="testFive" time="0.005"/>
  <testcase classname="sdet.Keywords" name="testSix" time="0.003"/>
  <testcase classname="sdet.Keywords" name="testThree" time="0.0">
    <ignored/>
  </testcase> <!-- testThree -->
</testsuite> <!-- Default test -->
