<?xml version="1.0" encoding="UTF-8"?>
<!-- Generated by org.testng.reporters.JUnitXMLReporter -->
<testsuite ignored="0" hostname="Atul-PC" failures="0" tests="1" name="Test" time="0.083" errors="0" timestamp="2022-11-15T10:39:12 IST">
  <testcase classname="com.testBase.TestBase" name="@BeforeMethod setUp" time="-1.668488952643E9">
    <failure type="org.testng.TestNGException" message="
Can inject only one of &amp;lt;ITestContext, XmlTest, Method, Object[], ITestResult&amp;gt; into a @BeforeMethod annotated setUp.
For more information on native dependency injection please refer to https://testng.org/doc/documentation-main.html#native-dependency-injection">
      <![CDATA[org.testng.TestNGException: 
Can inject only one of <ITestContext, XmlTest, Method, Object[], ITestResult> into a @BeforeMethod annotated setUp.
For more information on native dependency injection please refer to https://testng.org/doc/documentation-main.html#native-dependency-injection
at java.base/java.util.ArrayList.forEach(ArrayList.java:1511)
... Removed 28 stack frames]]>
    </failure>
  </testcase> <!-- @BeforeMethod setUp -->
  <testcase classname="com.testBase.TestBase" name="@AfterMethod tearDown" time="-1.668488952671E9">
    <skipped/>
  </testcase> <!-- @AfterMethod tearDown -->
  <testcase classname="com.testLayer.LoginpageTest" name="verifyloginTest" time="0.0">
    <skipped/>
  </testcase> <!-- verifyloginTest -->
</testsuite> <!-- Test -->
