<?xml version="1.0" encoding="UTF-8"?>
<testng-results ignored="0" total="1" passed="1" failed="0" skipped="0">
  <reporter-output>
  </reporter-output>
  <suite started-at="2023-02-07T13:56:05 IST" name="Default suite" finished-at="2023-02-07T13:56:21 IST" duration-ms="16730">
    <groups>
    </groups>
    <test started-at="2023-02-07T13:56:05 IST" name="Default test" finished-at="2023-02-07T13:56:21 IST" duration-ms="16730">
      <class name="com.test.LoginTest">
        <test-method is-config="true" signature="openBrowser()[pri:0, instance:com.test.LoginTest@61230f6a]" started-at="2023-02-07T13:56:05 IST" name="openBrowser" finished-at="2023-02-07T13:56:18 IST" duration-ms="13562" status="PASS">
          <reporter-output>
          </reporter-output>
        </test-method> <!-- openBrowser -->
        <test-method signature="Login()[pri:0, instance:com.test.LoginTest@61230f6a]" started-at="2023-02-07T13:56:18 IST" name="Login" finished-at="2023-02-07T13:56:21 IST" duration-ms="2627" status="PASS">
          <reporter-output>
          </reporter-output>
        </test-method> <!-- Login -->
        <test-method is-config="true" signature="tearDown()[pri:0, instance:com.test.LoginTest@61230f6a]" started-at="2023-02-07T13:56:21 IST" name="tearDown" finished-at="2023-02-07T13:56:21 IST" duration-ms="474" status="PASS">
          <reporter-output>
          </reporter-output>
        </test-method> <!-- tearDown -->
      </class> <!-- com.test.LoginTest -->
    </test> <!-- Default test -->
  </suite> <!-- Default suite -->
</testng-results>
