<?xml version="1.0" encoding="UTF-8"?>
<!-- Generated by org.testng.reporters.JUnitXMLReporter -->
<testsuite ignored="0" hostname="DESKTOP-1CCS179" failures="1" tests="3" name="RegressionTest" time="79.946" errors="0" timestamp="2022-10-29T10:18:43 IST">
  <testcase classname="com.testLayer.BuyScenerio" name="buyShare" time="8.722"/>
  <testcase classname="com.testLayer.BuyScenerio" name="buyShare1" time="33.159">
    <failure type="org.openqa.selenium.ElementNotInteractableException" message="element not interactable
  (Session info: MicrosoftEdge=106.0.1370.52)
Build info: version: &amp;apos;4.5.0&amp;apos;, revision: &amp;apos;fe167b119a&amp;apos;
System info: os.name: &amp;apos;Windows 10&amp;apos;, os.arch: &amp;apos;amd64&amp;apos;, os.version: &amp;apos;10.0&amp;apos;, java.version: &amp;apos;17&amp;apos;
Driver info: org.openqa.selenium.edge.EdgeDriver
Command: [e2f15c7b8944c2677733dc622cb96f75, clickElement {id=86b19997-2b1b-4b29-97f7-09d6d4a5a5e4}]
Capabilities {acceptInsecureCerts: false, browserName: msedge, browserVersion: 106.0.1370.52, ms:edgeOptions: {debuggerAddress: localhost:54728}, msedge: {msedgedriverVersion: 106.0.1370.59 (0d85bee5ebcc..., userDataDir: C:\Users\232338\AppData\Loc...}, networkConnectionEnabled: false, pageLoadStrategy: normal, platformName: WINDOWS, proxy: Proxy(), se:cdp: ws://localhost:54728/devtoo..., se:cdpVersion: 106.0.1370.52, setWindowRect: true, strictFileInteractability: false, timeouts: {implicit: 0, pageLoad: 300000, script: 30000}, unhandledPromptBehavior: dismiss and notify, webauthn:extension:credBlob: true, webauthn:extension:largeBlob: true, webauthn:virtualAuthenticators: true}
Element: [[EdgeDriver: msedge on WINDOWS (e2f15c7b8944c2677733dc622cb96f75)] -&amp;gt; xpath: (//div[@class=&amp;apos;m-2 card-title&amp;apos;])[2]]
Session ID: e2f15c7b8944c2677733dc622cb96f75">
      <![CDATA[org.openqa.selenium.ElementNotInteractableException: element not interactable
  (Session info: MicrosoftEdge=106.0.1370.52)
Build info: version: '4.5.0', revision: 'fe167b119a'
System info: os.name: 'Windows 10', os.arch: 'amd64', os.version: '10.0', java.version: '17'
Driver info: org.openqa.selenium.edge.EdgeDriver
Command: [e2f15c7b8944c2677733dc622cb96f75, clickElement {id=86b19997-2b1b-4b29-97f7-09d6d4a5a5e4}]
Capabilities {acceptInsecureCerts: false, browserName: msedge, browserVersion: 106.0.1370.52, ms:edgeOptions: {debuggerAddress: localhost:54728}, msedge: {msedgedriverVersion: 106.0.1370.59 (0d85bee5ebcc..., userDataDir: C:\Users\232338\AppData\Loc...}, networkConnectionEnabled: false, pageLoadStrategy: normal, platformName: WINDOWS, proxy: Proxy(), se:cdp: ws://localhost:54728/devtoo..., se:cdpVersion: 106.0.1370.52, setWindowRect: true, strictFileInteractability: false, timeouts: {implicit: 0, pageLoad: 300000, script: 30000}, unhandledPromptBehavior: dismiss and notify, webauthn:extension:credBlob: true, webauthn:extension:largeBlob: true, webauthn:virtualAuthenticators: true}
Element: [[EdgeDriver: msedge on WINDOWS (e2f15c7b8944c2677733dc622cb96f75)] -> xpath: (//div[@class='m-2 card-title'])[2]]
Session ID: e2f15c7b8944c2677733dc622cb96f75
at org.openqa.selenium.remote.codec.w3c.W3CHttpResponseCodec.createException(W3CHttpResponseCodec.java:200)
at org.openqa.selenium.remote.codec.w3c.W3CHttpResponseCodec.decode(W3CHttpResponseCodec.java:133)
at org.openqa.selenium.remote.codec.w3c.W3CHttpResponseCodec.decode(W3CHttpResponseCodec.java:53)
at org.openqa.selenium.remote.HttpCommandExecutor.execute(HttpCommandExecutor.java:184)
at org.openqa.selenium.remote.service.DriverCommandExecutor.invokeExecute(DriverCommandExecutor.java:167)
at org.openqa.selenium.remote.service.DriverCommandExecutor.execute(DriverCommandExecutor.java:142)
at org.openqa.selenium.remote.RemoteWebDriver.execute(RemoteWebDriver.java:547)
at org.openqa.selenium.remote.RemoteWebElement.execute(RemoteWebElement.java:257)
at org.openqa.selenium.remote.RemoteWebElement.click(RemoteWebElement.java:78)
at org.openqa.selenium.support.pagefactory.internal.LocatingElementHandler.invoke(LocatingElementHandler.java:52)
at jdk.proxy2/jdk.proxy2.$Proxy19.click(Unknown Source)
at com.pageLayer.Dashboardpage.clickOnCompanyOption(Dashboardpage.java:36)
at com.testLayer.BuyScenerio.buyShare1(BuyScenerio.java:35)
at java.base/java.util.ArrayList.forEach(ArrayList.java:1511)
... Removed 36 stack frames]]>
    </failure>
  </testcase> <!-- buyShare1 -->
  <testcase classname="com.testLayer.GetTranscationData" name="getData" time="8.564"/>
</testsuite> <!-- RegressionTest -->
