<?xml version="1.0" encoding="UTF-8"?>
<testng-results ignored="0" total="1" passed="1" failed="0" skipped="0">
  <reporter-output>
  </reporter-output>
  <suite started-at="2022-10-29T10:48:56 IST" name="Default suite" finished-at="2022-10-29T10:49:18 IST" duration-ms="22136">
    <groups>
    </groups>
    <test started-at="2022-10-29T10:48:56 IST" name="Default test" finished-at="2022-10-29T10:49:18 IST" duration-ms="22136">
      <class name="com.testLayer.LoginTest">
        <test-method is-config="true" signature="setup()[pri:0, instance:com.testLayer.LoginTest@8dbdac1]" started-at="2022-10-29T10:48:56 IST" name="setup" finished-at="2022-10-29T10:49:13 IST" duration-ms="16436" status="PASS">
          <reporter-output>
          </reporter-output>
        </test-method> <!-- setup -->
        <test-method signature="verifyLoginTest()[pri:0, instance:com.testLayer.LoginTest@8dbdac1]" started-at="2022-10-29T10:49:13 IST" name="verifyLoginTest" finished-at="2022-10-29T10:49:13 IST" duration-ms="99" status="PASS">
          <reporter-output>
          </reporter-output>
        </test-method> <!-- verifyLoginTest -->
        <test-method is-config="true" signature="closeApp()[pri:0, instance:com.testLayer.LoginTest@8dbdac1]" started-at="2022-10-29T10:49:13 IST" name="closeApp" finished-at="2022-10-29T10:49:18 IST" duration-ms="5540" status="PASS">
          <reporter-output>
          </reporter-output>
        </test-method> <!-- closeApp -->
      </class> <!-- com.testLayer.LoginTest -->
    </test> <!-- Default test -->
  </suite> <!-- Default suite -->
</testng-results>
