<?xml version="1.0" encoding="UTF-8"?>
<testng-results ignored="0" total="1" passed="1" failed="0" skipped="0">
  <reporter-output>
  </reporter-output>
  <suite started-at="2022-11-15T23:21:45 IST" name="Default suite" finished-at="2022-11-15T23:22:07 IST" duration-ms="22116">
    <groups>
    </groups>
    <test started-at="2022-11-15T23:21:45 IST" name="Default test" finished-at="2022-11-15T23:22:07 IST" duration-ms="22116">
      <class name="com.testLayer.LoginpageTest">
        <test-method is-config="true" signature="setUp()[pri:0, instance:com.testLayer.LoginpageTest@4f18837a]" started-at="2022-11-15T23:21:45 IST" name="setUp" finished-at="2022-11-15T23:22:03 IST" duration-ms="17382" status="PASS">
          <reporter-output>
          </reporter-output>
        </test-method> <!-- setUp -->
        <test-method signature="verifyLoginTest()[pri:0, instance:com.testLayer.LoginpageTest@4f18837a]" started-at="2022-11-15T23:22:03 IST" name="verifyLoginTest" finished-at="2022-11-15T23:22:07 IST" duration-ms="3917" status="PASS">
          <reporter-output>
          </reporter-output>
        </test-method> <!-- verifyLoginTest -->
        <test-method is-config="true" signature="tearDown()[pri:0, instance:com.testLayer.LoginpageTest@4f18837a]" started-at="2022-11-15T23:22:07 IST" name="tearDown" finished-at="2022-11-15T23:22:07 IST" duration-ms="731" status="PASS">
          <reporter-output>
          </reporter-output>
        </test-method> <!-- tearDown -->
      </class> <!-- com.testLayer.LoginpageTest -->
    </test> <!-- Default test -->
  </suite> <!-- Default suite -->
</testng-results>
